<?xml version="1.0" encoding="UTF-8"?>
<!-- Generated by org.testng.reporters.JUnitXMLReporter -->
<testsuite ignored="2" hostname="LAPTOP-LPI8ANSO" failures="0" tests="2" name="Test" time="0.091" errors="0" timestamp="2023-08-15T15:44:05 IST">
  <testcase classname="TestNg_Group.sample2" name="demo4" time="0.009"/>
  <testcase classname="TestNg_Group.sample1" name="demo1" time="0.002"/>
  <testcase classname="TestNg_Group.sample2" name="demo3" time="0.0">
    <ignored/>
  </testcase> <!-- demo3 -->
  <testcase classname="TestNg_Group.sample1" name="demo2" time="0.0">
    <ignored/>
  </testcase> <!-- demo2 -->
</testsuite> <!-- Test -->
